#
# There is insufficient memory for the Java Runtime Environment to continue.
# Native memory allocation (malloc) failed to allocate 32744 bytes for ChunkPool::allocate
# Possible reasons:
#   The system is out of physical RAM or swap space
#   The process is running with CompressedOops enabled, and the Java Heap may be blocking the growth of the native heap
# Possible solutions:
#   Reduce memory load on the system
#   Increase physical memory or swap space
#   Check if swap backing store is full
#   Decrease Java heap size (-Xmx/-Xms)
#   Decrease number of Java threads
#   Decrease Java thread stack sizes (-Xss)
#   Set larger code cache with -XX:ReservedCodeCacheSize=
#   JVM is running with Unscaled Compressed Oops mode in which the Java heap is
#     placed in the first 4GB address space. The Java Heap base address is the
#     maximum limit for the native heap growth. Please use -XX:HeapBaseMinAddress
#     to set the Java Heap base and to place the Java Heap above 4GB virtual address.
# This output file may be truncated or incomplete.
#
#  Out of Memory Error (./open/src/hotspot/share/memory/arena.cpp:79), pid=9232, tid=1464
#
# JRE version: OpenJDK Runtime Environment (15.0.2+7) (build 15.0.2+7-27)
# Java VM: OpenJDK 64-Bit Server VM (15.0.2+7-27, mixed mode, tiered, compressed oops, g1 gc, windows-amd64)
# No core dump will be written. Minidumps are not enabled by default on client versions of Windows
#

---------------  S U M M A R Y ------------

Command Line: -Dfile.encoding=UTF-8 -XX:+ShowCodeDetailsInExceptionMessages ma.ac.ensaf.cabinetmedical.CabinetMedicalProjectApplication

Host: Intel(R) Core(TM) i5-6300U CPU @ 2.40GHz, 4 cores, 7G,  Windows 10 , 64 bit Build 19041 (10.0.19041.1023)
Time: Wed Jun 23 19:46:48 2021 Centre (heure d’été) elapsed time: 0.943605 seconds (0d 0h 0m 0s)

---------------  T H R E A D  ---------------

Current thread (0x00000232b474e630):  JavaThread "C1 CompilerThread0" daemon [_thread_in_native, id=1464, stack(0x0000008c87a00000,0x0000008c87b00000)]


Current CompileTask:
C1:    943  557       3       java.net.URLStreamHandler::parseURL (1201 bytes)

Stack: [0x0000008c87a00000,0x0000008c87b00000]
Native frames: (J=compiled Java code, j=interpreted, Vv=VM code, C=native code)
V  [jvm.dll+0x62ae9a]
V  [jvm.dll+0x7817a9]
V  [jvm.dll+0x782f03]
V  [jvm.dll+0x783563]
V  [jvm.dll+0x216325]
V  [jvm.dll+0x982cf]
V  [jvm.dll+0x9861c]
V  [jvm.dll+0xf68f5]
V  [jvm.dll+0x155c99]
V  [jvm.dll+0x156273]
V  [jvm.dll+0x110065]
V  [jvm.dll+0x10f91f]
V  [jvm.dll+0x10fb54]
V  [jvm.dll+0x10ee92]
V  [jvm.dll+0x110d2c]
V  [jvm.dll+0x1f9225]
V  [jvm.dll+0x1f72cc]
V  [jvm.dll+0x74495d]
V  [jvm.dll+0x73d75a]
V  [jvm.dll+0x629c56]
C  [ucrtbase.dll+0x21bb2]
C  [KERNEL32.DLL+0x17034]
C  [ntdll.dll+0x52651]


---------------  P R O C E S S  ---------------

Threads class SMR info:
_java_thread_list=0x00000232b493f9d0, length=11, elements={
0x000002329a5959a0, 0x00000232b3f31020, 0x00000232b4769060, 0x00000232b4786000,
0x00000232b478aad0, 0x00000232b47460c0, 0x00000232b4747640, 0x00000232b474e630,
0x00000232b47e9ea0, 0x00000232b48e6720, 0x00000232b4942fb0
}

Java Threads: ( => current thread )
  0x000002329a5959a0 JavaThread "main" [_thread_in_native, id=11940, stack(0x0000008c86d00000,0x0000008c86e00000)]
  0x00000232b3f31020 JavaThread "Reference Handler" daemon [_thread_blocked, id=10140, stack(0x0000008c87400000,0x0000008c87500000)]
  0x00000232b4769060 JavaThread "Finalizer" daemon [_thread_blocked, id=11108, stack(0x0000008c87500000,0x0000008c87600000)]
  0x00000232b4786000 JavaThread "Signal Dispatcher" daemon [_thread_blocked, id=8760, stack(0x0000008c87600000,0x0000008c87700000)]
  0x00000232b478aad0 JavaThread "Attach Listener" daemon [_thread_blocked, id=14320, stack(0x0000008c87700000,0x0000008c87800000)]
  0x00000232b47460c0 JavaThread "Service Thread" daemon [_thread_blocked, id=4228, stack(0x0000008c87800000,0x0000008c87900000)]
  0x00000232b4747640 JavaThread "C2 CompilerThread0" daemon [_thread_in_native, id=14856, stack(0x0000008c87900000,0x0000008c87a00000)]
=>0x00000232b474e630 JavaThread "C1 CompilerThread0" daemon [_thread_in_native, id=1464, stack(0x0000008c87a00000,0x0000008c87b00000)]
  0x00000232b47e9ea0 JavaThread "Sweeper thread" daemon [_thread_blocked, id=3296, stack(0x0000008c87b00000,0x0000008c87c00000)]
  0x00000232b48e6720 JavaThread "Notification Thread" daemon [_thread_blocked, id=12364, stack(0x0000008c87c00000,0x0000008c87d00000)]
  0x00000232b4942fb0 JavaThread "Common-Cleaner" daemon [_thread_blocked, id=6852, stack(0x0000008c87e00000,0x0000008c87f00000)]

Other Threads:
  0x00000232b3ee34a0 VMThread "VM Thread" [stack: 0x0000008c87300000,0x0000008c87400000] [id=3484]
  0x00000232b48e7390 WatcherThread [stack: 0x0000008c87d00000,0x0000008c87e00000] [id=6996]
  0x000002329a5d4c60 GCTaskThread "GC Thread#0" [stack: 0x0000008c86e00000,0x0000008c86f00000] [id=12408]
  0x000002329a5e59b0 ConcurrentGCThread "G1 Main Marker" [stack: 0x0000008c86f00000,0x0000008c87000000] [id=13520]
  0x000002329a5e6f00 ConcurrentGCThread "G1 Conc#0" [stack: 0x0000008c87000000,0x0000008c87100000] [id=9332]
  0x000002329a64fb20 ConcurrentGCThread "G1 Refine#0" [stack: 0x0000008c87100000,0x0000008c87200000] [id=9196]
  0x00000232b3d51850 ConcurrentGCThread "G1 Young RemSet Sampling" [stack: 0x0000008c87200000,0x0000008c87300000] [id=5740]

Threads with active compile tasks:
C2 CompilerThread0      971  558       4       java.lang.StringLatin1::replace (198 bytes)
C1 CompilerThread0      971  557       3       java.net.URLStreamHandler::parseURL (1201 bytes)

VM state: not at safepoint (normal execution)

VM Mutex/Monitor currently owned by a thread: None

Heap address: 0x0000000082c00000, size: 2004 MB, Compressed Oops mode: 32-bit
CDS disabled.
Compressed class space mapped at: 0x0000000100000000-0x0000000140000000, size: 1073741824
Narrow klass base: 0x0000000000000000, Narrow klass shift: 3, Narrow klass range: 0x140000000

GC Precious Log:
 CPUs: 4 total, 4 available
 Memory: 8008M
 Large Page Support: Disabled
 NUMA Support: Disabled
 Compressed Oops: Enabled (32-bit)
 Heap Region Size: 1M
 Heap Min Capacity: 8M
 Heap Initial Capacity: 126M
 Heap Max Capacity: 2004M
 Pre-touch: Disabled
 Parallel Workers: 4
 Concurrent Workers: 1
 Concurrent Refinement Workers: 4
 Periodic GC: Disabled

Heap:
 garbage-first heap   total 129024K, used 9216K [0x0000000082c00000, 0x0000000100000000)
  region size 1024K, 10 young (10240K), 0 survivors (0K)
 Metaspace       used 9415K, capacity 9588K, committed 9856K, reserved 1058816K
  class space    used 810K, capacity 852K, committed 896K, reserved 1048576K

Heap Regions: E=young(eden), S=young(survivor), O=old, HS=humongous(starts), HC=humongous(continues), CS=collection set, F=free, OA=open archive, CA=closed archive, TAMS=top-at-mark-start (previous, next)
|   0|0x0000000082c00000, 0x0000000082d00000, 0x0000000082d00000|100%|HS|  |TAMS 0x0000000082c00000, 0x0000000082c00000| Complete 
|   1|0x0000000082d00000, 0x0000000082d00000, 0x0000000082e00000|  0%| F|  |TAMS 0x0000000082d00000, 0x0000000082d00000| Untracked 
|   2|0x0000000082e00000, 0x0000000082e00000, 0x0000000082f00000|  0%| F|  |TAMS 0x0000000082e00000, 0x0000000082e00000| Untracked 
|   3|0x0000000082f00000, 0x0000000082f00000, 0x0000000083000000|  0%| F|  |TAMS 0x0000000082f00000, 0x0000000082f00000| Untracked 
|   4|0x0000000083000000, 0x0000000083000000, 0x0000000083100000|  0%| F|  |TAMS 0x0000000083000000, 0x0000000083000000| Untracked 
|   5|0x0000000083100000, 0x0000000083100000, 0x0000000083200000|  0%| F|  |TAMS 0x0000000083100000, 0x0000000083100000| Untracked 
|   6|0x0000000083200000, 0x0000000083200000, 0x0000000083300000|  0%| F|  |TAMS 0x0000000083200000, 0x0000000083200000| Untracked 
|   7|0x0000000083300000, 0x0000000083300000, 0x0000000083400000|  0%| F|  |TAMS 0x0000000083300000, 0x0000000083300000| Untracked 
|   8|0x0000000083400000, 0x0000000083400000, 0x0000000083500000|  0%| F|  |TAMS 0x0000000083400000, 0x0000000083400000| Untracked 
|   9|0x0000000083500000, 0x0000000083500000, 0x0000000083600000|  0%| F|  |TAMS 0x0000000083500000, 0x0000000083500000| Untracked 
|  10|0x0000000083600000, 0x0000000083600000, 0x0000000083700000|  0%| F|  |TAMS 0x0000000083600000, 0x0000000083600000| Untracked 
|  11|0x0000000083700000, 0x0000000083700000, 0x0000000083800000|  0%| F|  |TAMS 0x0000000083700000, 0x0000000083700000| Untracked 
|  12|0x0000000083800000, 0x0000000083800000, 0x0000000083900000|  0%| F|  |TAMS 0x0000000083800000, 0x0000000083800000| Untracked 
|  13|0x0000000083900000, 0x0000000083900000, 0x0000000083a00000|  0%| F|  |TAMS 0x0000000083900000, 0x0000000083900000| Untracked 
|  14|0x0000000083a00000, 0x0000000083a00000, 0x0000000083b00000|  0%| F|  |TAMS 0x0000000083a00000, 0x0000000083a00000| Untracked 
|  15|0x0000000083b00000, 0x0000000083b00000, 0x0000000083c00000|  0%| F|  |TAMS 0x0000000083b00000, 0x0000000083b00000| Untracked 
|  16|0x0000000083c00000, 0x0000000083c00000, 0x0000000083d00000|  0%| F|  |TAMS 0x0000000083c00000, 0x0000000083c00000| Untracked 
|  17|0x0000000083d00000, 0x0000000083d00000, 0x0000000083e00000|  0%| F|  |TAMS 0x0000000083d00000, 0x0000000083d00000| Untracked 
|  18|0x0000000083e00000, 0x0000000083e00000, 0x0000000083f00000|  0%| F|  |TAMS 0x0000000083e00000, 0x0000000083e00000| Untracked 
|  19|0x0000000083f00000, 0x0000000083f00000, 0x0000000084000000|  0%| F|  |TAMS 0x0000000083f00000, 0x0000000083f00000| Untracked 
|  20|0x0000000084000000, 0x0000000084000000, 0x0000000084100000|  0%| F|  |TAMS 0x0000000084000000, 0x0000000084000000| Untracked 
|  21|0x0000000084100000, 0x0000000084100000, 0x0000000084200000|  0%| F|  |TAMS 0x0000000084100000, 0x0000000084100000| Untracked 
|  22|0x0000000084200000, 0x0000000084200000, 0x0000000084300000|  0%| F|  |TAMS 0x0000000084200000, 0x0000000084200000| Untracked 
|  23|0x0000000084300000, 0x0000000084300000, 0x0000000084400000|  0%| F|  |TAMS 0x0000000084300000, 0x0000000084300000| Untracked 
|  24|0x0000000084400000, 0x0000000084400000, 0x0000000084500000|  0%| F|  |TAMS 0x0000000084400000, 0x0000000084400000| Untracked 
|  25|0x0000000084500000, 0x0000000084500000, 0x0000000084600000|  0%| F|  |TAMS 0x0000000084500000, 0x0000000084500000| Untracked 
|  26|0x0000000084600000, 0x0000000084600000, 0x0000000084700000|  0%| F|  |TAMS 0x0000000084600000, 0x0000000084600000| Untracked 
|  27|0x0000000084700000, 0x0000000084700000, 0x0000000084800000|  0%| F|  |TAMS 0x0000000084700000, 0x0000000084700000| Untracked 
|  28|0x0000000084800000, 0x0000000084800000, 0x0000000084900000|  0%| F|  |TAMS 0x0000000084800000, 0x0000000084800000| Untracked 
|  29|0x0000000084900000, 0x0000000084900000, 0x0000000084a00000|  0%| F|  |TAMS 0x0000000084900000, 0x0000000084900000| Untracked 
|  30|0x0000000084a00000, 0x0000000084a00000, 0x0000000084b00000|  0%| F|  |TAMS 0x0000000084a00000, 0x0000000084a00000| Untracked 
|  31|0x0000000084b00000, 0x0000000084b00000, 0x0000000084c00000|  0%| F|  |TAMS 0x0000000084b00000, 0x0000000084b00000| Untracked 
|  32|0x0000000084c00000, 0x0000000084c00000, 0x0000000084d00000|  0%| F|  |TAMS 0x0000000084c00000, 0x0000000084c00000| Untracked 
|  33|0x0000000084d00000, 0x0000000084d00000, 0x0000000084e00000|  0%| F|  |TAMS 0x0000000084d00000, 0x0000000084d00000| Untracked 
|  34|0x0000000084e00000, 0x0000000084e00000, 0x0000000084f00000|  0%| F|  |TAMS 0x0000000084e00000, 0x0000000084e00000| Untracked 
|  35|0x0000000084f00000, 0x0000000084f00000, 0x0000000085000000|  0%| F|  |TAMS 0x0000000084f00000, 0x0000000084f00000| Untracked 
|  36|0x0000000085000000, 0x0000000085000000, 0x0000000085100000|  0%| F|  |TAMS 0x0000000085000000, 0x0000000085000000| Untracked 
|  37|0x0000000085100000, 0x0000000085100000, 0x0000000085200000|  0%| F|  |TAMS 0x0000000085100000, 0x0000000085100000| Untracked 
|  38|0x0000000085200000, 0x0000000085200000, 0x0000000085300000|  0%| F|  |TAMS 0x0000000085200000, 0x0000000085200000| Untracked 
|  39|0x0000000085300000, 0x0000000085300000, 0x0000000085400000|  0%| F|  |TAMS 0x0000000085300000, 0x0000000085300000| Untracked 
|  40|0x0000000085400000, 0x0000000085400000, 0x0000000085500000|  0%| F|  |TAMS 0x0000000085400000, 0x0000000085400000| Untracked 
|  41|0x0000000085500000, 0x0000000085500000, 0x0000000085600000|  0%| F|  |TAMS 0x0000000085500000, 0x0000000085500000| Untracked 
|  42|0x0000000085600000, 0x0000000085600000, 0x0000000085700000|  0%| F|  |TAMS 0x0000000085600000, 0x0000000085600000| Untracked 
|  43|0x0000000085700000, 0x0000000085700000, 0x0000000085800000|  0%| F|  |TAMS 0x0000000085700000, 0x0000000085700000| Untracked 
|  44|0x0000000085800000, 0x0000000085800000, 0x0000000085900000|  0%| F|  |TAMS 0x0000000085800000, 0x0000000085800000| Untracked 
|  45|0x0000000085900000, 0x0000000085900000, 0x0000000085a00000|  0%| F|  |TAMS 0x0000000085900000, 0x0000000085900000| Untracked 
|  46|0x0000000085a00000, 0x0000000085a00000, 0x0000000085b00000|  0%| F|  |TAMS 0x0000000085a00000, 0x0000000085a00000| Untracked 
|  47|0x0000000085b00000, 0x0000000085b00000, 0x0000000085c00000|  0%| F|  |TAMS 0x0000000085b00000, 0x0000000085b00000| Untracked 
|  48|0x0000000085c00000, 0x0000000085c00000, 0x0000000085d00000|  0%| F|  |TAMS 0x0000000085c00000, 0x0000000085c00000| Untracked 
|  49|0x0000000085d00000, 0x0000000085d00000, 0x0000000085e00000|  0%| F|  |TAMS 0x0000000085d00000, 0x0000000085d00000| Untracked 
|  50|0x0000000085e00000, 0x0000000085e00000, 0x0000000085f00000|  0%| F|  |TAMS 0x0000000085e00000, 0x0000000085e00000| Untracked 
|  51|0x0000000085f00000, 0x0000000085f00000, 0x0000000086000000|  0%| F|  |TAMS 0x0000000085f00000, 0x0000000085f00000| Untracked 
|  52|0x0000000086000000, 0x0000000086000000, 0x0000000086100000|  0%| F|  |TAMS 0x0000000086000000, 0x0000000086000000| Untracked 
|  53|0x0000000086100000, 0x0000000086100000, 0x0000000086200000|  0%| F|  |TAMS 0x0000000086100000, 0x0000000086100000| Untracked 
|  54|0x0000000086200000, 0x0000000086200000, 0x0000000086300000|  0%| F|  |TAMS 0x0000000086200000, 0x0000000086200000| Untracked 
|  55|0x0000000086300000, 0x0000000086300000, 0x0000000086400000|  0%| F|  |TAMS 0x0000000086300000, 0x0000000086300000| Untracked 
|  56|0x0000000086400000, 0x0000000086400000, 0x0000000086500000|  0%| F|  |TAMS 0x0000000086400000, 0x0000000086400000| Untracked 
|  57|0x0000000086500000, 0x0000000086500000, 0x0000000086600000|  0%| F|  |TAMS 0x0000000086500000, 0x0000000086500000| Untracked 
|  58|0x0000000086600000, 0x0000000086600000, 0x0000000086700000|  0%| F|  |TAMS 0x0000000086600000, 0x0000000086600000| Untracked 
|  59|0x0000000086700000, 0x0000000086700000, 0x0000000086800000|  0%| F|  |TAMS 0x0000000086700000, 0x0000000086700000| Untracked 
|  60|0x0000000086800000, 0x0000000086800000, 0x0000000086900000|  0%| F|  |TAMS 0x0000000086800000, 0x0000000086800000| Untracked 
|  61|0x0000000086900000, 0x0000000086900000, 0x0000000086a00000|  0%| F|  |TAMS 0x0000000086900000, 0x0000000086900000| Untracked 
|  62|0x0000000086a00000, 0x0000000086a00000, 0x0000000086b00000|  0%| F|  |TAMS 0x0000000086a00000, 0x0000000086a00000| Untracked 
|  63|0x0000000086b00000, 0x0000000086b00000, 0x0000000086c00000|  0%| F|  |TAMS 0x0000000086b00000, 0x0000000086b00000| Untracked 
|  64|0x0000000086c00000, 0x0000000086c00000, 0x0000000086d00000|  0%| F|  |TAMS 0x0000000086c00000, 0x0000000086c00000| Untracked 
|  65|0x0000000086d00000, 0x0000000086d00000, 0x0000000086e00000|  0%| F|  |TAMS 0x0000000086d00000, 0x0000000086d00000| Untracked 
|  66|0x0000000086e00000, 0x0000000086e00000, 0x0000000086f00000|  0%| F|  |TAMS 0x0000000086e00000, 0x0000000086e00000| Untracked 
|  67|0x0000000086f00000, 0x0000000086f00000, 0x0000000087000000|  0%| F|  |TAMS 0x0000000086f00000, 0x0000000086f00000| Untracked 
|  68|0x0000000087000000, 0x0000000087000000, 0x0000000087100000|  0%| F|  |TAMS 0x0000000087000000, 0x0000000087000000| Untracked 
|  69|0x0000000087100000, 0x0000000087100000, 0x0000000087200000|  0%| F|  |TAMS 0x0000000087100000, 0x0000000087100000| Untracked 
|  70|0x0000000087200000, 0x0000000087200000, 0x0000000087300000|  0%| F|  |TAMS 0x0000000087200000, 0x0000000087200000| Untracked 
|  71|0x0000000087300000, 0x0000000087300000, 0x0000000087400000|  0%| F|  |TAMS 0x0000000087300000, 0x0000000087300000| Untracked 
|  72|0x0000000087400000, 0x0000000087400000, 0x0000000087500000|  0%| F|  |TAMS 0x0000000087400000, 0x0000000087400000| Untracked 
|  73|0x0000000087500000, 0x0000000087500000, 0x0000000087600000|  0%| F|  |TAMS 0x0000000087500000, 0x0000000087500000| Untracked 
|  74|0x0000000087600000, 0x0000000087600000, 0x0000000087700000|  0%| F|  |TAMS 0x0000000087600000, 0x0000000087600000| Untracked 
|  75|0x0000000087700000, 0x0000000087700000, 0x0000000087800000|  0%| F|  |TAMS 0x0000000087700000, 0x0000000087700000| Untracked 
|  76|0x0000000087800000, 0x0000000087800000, 0x0000000087900000|  0%| F|  |TAMS 0x0000000087800000, 0x0000000087800000| Untracked 
|  77|0x0000000087900000, 0x0000000087900000, 0x0000000087a00000|  0%| F|  |TAMS 0x0000000087900000, 0x0000000087900000| Untracked 
|  78|0x0000000087a00000, 0x0000000087a00000, 0x0000000087b00000|  0%| F|  |TAMS 0x0000000087a00000, 0x0000000087a00000| Untracked 
|  79|0x0000000087b00000, 0x0000000087b00000, 0x0000000087c00000|  0%| F|  |TAMS 0x0000000087b00000, 0x0000000087b00000| Untracked 
|  80|0x0000000087c00000, 0x0000000087c00000, 0x0000000087d00000|  0%| F|  |TAMS 0x0000000087c00000, 0x0000000087c00000| Untracked 
|  81|0x0000000087d00000, 0x0000000087d00000, 0x0000000087e00000|  0%| F|  |TAMS 0x0000000087d00000, 0x0000000087d00000| Untracked 
|  82|0x0000000087e00000, 0x0000000087e00000, 0x0000000087f00000|  0%| F|  |TAMS 0x0000000087e00000, 0x0000000087e00000| Untracked 
|  83|0x0000000087f00000, 0x0000000087f00000, 0x0000000088000000|  0%| F|  |TAMS 0x0000000087f00000, 0x0000000087f00000| Untracked 
|  84|0x0000000088000000, 0x0000000088000000, 0x0000000088100000|  0%| F|  |TAMS 0x0000000088000000, 0x0000000088000000| Untracked 
|  85|0x0000000088100000, 0x0000000088100000, 0x0000000088200000|  0%| F|  |TAMS 0x0000000088100000, 0x0000000088100000| Untracked 
|  86|0x0000000088200000, 0x0000000088200000, 0x0000000088300000|  0%| F|  |TAMS 0x0000000088200000, 0x0000000088200000| Untracked 
|  87|0x0000000088300000, 0x0000000088300000, 0x0000000088400000|  0%| F|  |TAMS 0x0000000088300000, 0x0000000088300000| Untracked 
|  88|0x0000000088400000, 0x0000000088400000, 0x0000000088500000|  0%| F|  |TAMS 0x0000000088400000, 0x0000000088400000| Untracked 
|  89|0x0000000088500000, 0x0000000088500000, 0x0000000088600000|  0%| F|  |TAMS 0x0000000088500000, 0x0000000088500000| Untracked 
|  90|0x0000000088600000, 0x0000000088600000, 0x0000000088700000|  0%| F|  |TAMS 0x0000000088600000, 0x0000000088600000| Untracked 
|  91|0x0000000088700000, 0x0000000088700000, 0x0000000088800000|  0%| F|  |TAMS 0x0000000088700000, 0x0000000088700000| Untracked 
|  92|0x0000000088800000, 0x0000000088800000, 0x0000000088900000|  0%| F|  |TAMS 0x0000000088800000, 0x0000000088800000| Untracked 
|  93|0x0000000088900000, 0x0000000088900000, 0x0000000088a00000|  0%| F|  |TAMS 0x0000000088900000, 0x0000000088900000| Untracked 
|  94|0x0000000088a00000, 0x0000000088a00000, 0x0000000088b00000|  0%| F|  |TAMS 0x0000000088a00000, 0x0000000088a00000| Untracked 
|  95|0x0000000088b00000, 0x0000000088b00000, 0x0000000088c00000|  0%| F|  |TAMS 0x0000000088b00000, 0x0000000088b00000| Untracked 
|  96|0x0000000088c00000, 0x0000000088c00000, 0x0000000088d00000|  0%| F|  |TAMS 0x0000000088c00000, 0x0000000088c00000| Untracked 
|  97|0x0000000088d00000, 0x0000000088d00000, 0x0000000088e00000|  0%| F|  |TAMS 0x0000000088d00000, 0x0000000088d00000| Untracked 
|  98|0x0000000088e00000, 0x0000000088e00000, 0x0000000088f00000|  0%| F|  |TAMS 0x0000000088e00000, 0x0000000088e00000| Untracked 
|  99|0x0000000088f00000, 0x0000000088f00000, 0x0000000089000000|  0%| F|  |TAMS 0x0000000088f00000, 0x0000000088f00000| Untracked 
| 100|0x0000000089000000, 0x0000000089000000, 0x0000000089100000|  0%| F|  |TAMS 0x0000000089000000, 0x0000000089000000| Untracked 
| 101|0x0000000089100000, 0x0000000089100000, 0x0000000089200000|  0%| F|  |TAMS 0x0000000089100000, 0x0000000089100000| Untracked 
| 102|0x0000000089200000, 0x0000000089200000, 0x0000000089300000|  0%| F|  |TAMS 0x0000000089200000, 0x0000000089200000| Untracked 
| 103|0x0000000089300000, 0x0000000089300000, 0x0000000089400000|  0%| F|  |TAMS 0x0000000089300000, 0x0000000089300000| Untracked 
| 104|0x0000000089400000, 0x0000000089400000, 0x0000000089500000|  0%| F|  |TAMS 0x0000000089400000, 0x0000000089400000| Untracked 
| 105|0x0000000089500000, 0x0000000089500000, 0x0000000089600000|  0%| F|  |TAMS 0x0000000089500000, 0x0000000089500000| Untracked 
| 106|0x0000000089600000, 0x0000000089600000, 0x0000000089700000|  0%| F|  |TAMS 0x0000000089600000, 0x0000000089600000| Untracked 
| 107|0x0000000089700000, 0x0000000089700000, 0x0000000089800000|  0%| F|  |TAMS 0x0000000089700000, 0x0000000089700000| Untracked 
| 108|0x0000000089800000, 0x0000000089800000, 0x0000000089900000|  0%| F|  |TAMS 0x0000000089800000, 0x0000000089800000| Untracked 
| 109|0x0000000089900000, 0x0000000089900000, 0x0000000089a00000|  0%| F|  |TAMS 0x0000000089900000, 0x0000000089900000| Untracked 
| 110|0x0000000089a00000, 0x0000000089a00000, 0x0000000089b00000|  0%| F|  |TAMS 0x0000000089a00000, 0x0000000089a00000| Untracked 
| 111|0x0000000089b00000, 0x0000000089b00000, 0x0000000089c00000|  0%| F|  |TAMS 0x0000000089b00000, 0x0000000089b00000| Untracked 
| 112|0x0000000089c00000, 0x0000000089c00000, 0x0000000089d00000|  0%| F|  |TAMS 0x0000000089c00000, 0x0000000089c00000| Untracked 
| 113|0x0000000089d00000, 0x0000000089d00000, 0x0000000089e00000|  0%| F|  |TAMS 0x0000000089d00000, 0x0000000089d00000| Untracked 
| 114|0x0000000089e00000, 0x0000000089e00000, 0x0000000089f00000|  0%| F|  |TAMS 0x0000000089e00000, 0x0000000089e00000| Untracked 
| 115|0x0000000089f00000, 0x0000000089f00000, 0x000000008a000000|  0%| F|  |TAMS 0x0000000089f00000, 0x0000000089f00000| Untracked 
| 116|0x000000008a000000, 0x000000008a0c9148, 0x000000008a100000| 78%| E|  |TAMS 0x000000008a000000, 0x000000008a000000| Complete 
| 117|0x000000008a100000, 0x000000008a200000, 0x000000008a200000|100%| E|CS|TAMS 0x000000008a100000, 0x000000008a100000| Complete 
| 118|0x000000008a200000, 0x000000008a300000, 0x000000008a300000|100%| E|CS|TAMS 0x000000008a200000, 0x000000008a200000| Complete 
| 119|0x000000008a300000, 0x000000008a400000, 0x000000008a400000|100%| E|CS|TAMS 0x000000008a300000, 0x000000008a300000| Complete 
| 120|0x000000008a400000, 0x000000008a500000, 0x000000008a500000|100%| E|CS|TAMS 0x000000008a400000, 0x000000008a400000| Complete 
| 121|0x000000008a500000, 0x000000008a600000, 0x000000008a600000|100%| E|  |TAMS 0x000000008a500000, 0x000000008a500000| Complete 
| 122|0x000000008a600000, 0x000000008a700000, 0x000000008a700000|100%| E|CS|TAMS 0x000000008a600000, 0x000000008a600000| Complete 
| 123|0x000000008a700000, 0x000000008a800000, 0x000000008a800000|100%| E|CS|TAMS 0x000000008a700000, 0x000000008a700000| Complete 
| 124|0x000000008a800000, 0x000000008a900000, 0x000000008a900000|100%| E|CS|TAMS 0x000000008a800000, 0x000000008a800000| Complete 
| 125|0x000000008a900000, 0x000000008aa00000, 0x000000008aa00000|100%| E|CS|TAMS 0x000000008a900000, 0x000000008a900000| Complete 

Card table byte_map: [0x00000232ad390000,0x00000232ad780000] _byte_map_base: 0x00000232acf7a000

Marking Bits (Prev, Next): (CMBitMap*) 0x000002329a5d54d0, (CMBitMap*) 0x000002329a5d5510
 Prev Bits: [0x00000232adb70000, 0x00000232afac0000)
 Next Bits: [0x00000232afac0000, 0x00000232b1a10000)

Polling page: 0x0000023298580000

Metaspace:

Usage:
  Non-class:      8.59 MB capacity,     8.43 MB ( 98%) used,   167.21 KB (  2%) free+waste,     5.31 KB ( <1%) overhead. 
      Class:    852.00 KB capacity,   816.09 KB ( 96%) used,    34.28 KB (  4%) free+waste,     1.62 KB ( <1%) overhead. 
       Both:      9.43 MB capacity,     9.22 MB ( 98%) used,   201.49 KB (  2%) free+waste,     6.94 KB ( <1%) overhead. 

Virtual space:
  Non-class space:       10.00 MB reserved,       8.75 MB ( 88%) committed 
      Class space:        1.00 GB reserved,     896.00 KB ( <1%) committed 
             Both:        1.01 GB reserved,       9.62 MB ( <1%) committed 

Chunk freelists:
   Non-Class:  32.00 KB
       Class:  12.00 KB
        Both:  44.00 KB

MaxMetaspaceSize: 17179869184.00 GB
CompressedClassSpaceSize: 1.00 GB

CodeHeap 'non-profiled nmethods': size=120000Kb used=154Kb max_used=154Kb free=119845Kb
 bounds [0x00000232a5a70000, 0x00000232a5ce0000, 0x00000232acfa0000]
CodeHeap 'profiled nmethods': size=120000Kb used=833Kb max_used=833Kb free=119166Kb
 bounds [0x000002329e540000, 0x000002329e7b0000, 0x00000232a5a70000]
CodeHeap 'non-nmethods': size=5760Kb used=1146Kb max_used=1154Kb free=4613Kb
 bounds [0x000002329dfa0000, 0x000002329e210000, 0x000002329e540000]
 total_blobs=956 nmethods=558 adapters=311
 compilation: enabled
              stopped_count=0, restarted_count=0
 full_count=0

Compilation events (20 events):
Event: 0.922 Thread 0x00000232b474e630  547       3       jdk.internal.org.objectweb.asm.ClassReader::readUnsignedShort (26 bytes)
Event: 0.922 Thread 0x00000232b474e630 nmethod 547 0x000002329e60ea10 code [0x000002329e60eba0, 0x000002329e60ecf8]
Event: 0.922 Thread 0x00000232b474e630  548       1       java.lang.invoke.MethodType$ConcurrentWeakInternSet$WeakEntry::hashCode (5 bytes)
Event: 0.922 Thread 0x00000232b474e630 nmethod 548 0x00000232a5a95190 code [0x00000232a5a95320, 0x00000232a5a953d8]
Event: 0.923 Thread 0x00000232b474e630  550       1       java.lang.invoke.MethodHandles$Lookup::lookupClass (5 bytes)
Event: 0.923 Thread 0x00000232b474e630 nmethod 550 0x00000232a5a95790 code [0x00000232a5a95920, 0x00000232a5a959d8]
Event: 0.923 Thread 0x00000232b474e630  551       3       java.lang.invoke.MemberName::testAllFlags (7 bytes)
Event: 0.924 Thread 0x00000232b474e630 nmethod 551 0x000002329e60ee10 code [0x000002329e60efa0, 0x000002329e60f158]
Event: 0.924 Thread 0x00000232b474e630  553       3       jdk.internal.org.objectweb.asm.SymbolTable::addConstantUtf8 (98 bytes)
Event: 0.924 Thread 0x00000232b474e630 nmethod 553 0x000002329e60f210 code [0x000002329e60f440, 0x000002329e60fa18]
Event: 0.924 Thread 0x00000232b474e630  552       1       java.lang.invoke.MethodHandle::type (5 bytes)
Event: 0.925 Thread 0x00000232b474e630 nmethod 552 0x00000232a5a95a90 code [0x00000232a5a95c20, 0x00000232a5a95cd8]
Event: 0.925 Thread 0x00000232b474e630  554       3       jdk.internal.org.objectweb.asm.ByteVector::putByte (39 bytes)
Event: 0.925 Thread 0x00000232b474e630 nmethod 554 0x000002329e60fd90 code [0x000002329e60ff40, 0x000002329e610128]
Event: 0.925 Thread 0x00000232b474e630  555       3       jdk.internal.org.objectweb.asm.SymbolTable$Entry::<init> (17 bytes)
Event: 0.925 Thread 0x00000232b474e630 nmethod 555 0x000002329e610290 code [0x000002329e610440, 0x000002329e6105a8]
Event: 0.927 Thread 0x00000232b4747640  556       4       java.lang.StringUTF16::getChar (60 bytes)
Event: 0.928 Thread 0x00000232b4747640 nmethod 556 0x00000232a5a95d90 code [0x00000232a5a95f00, 0x00000232a5a95fb8]
Event: 0.930 Thread 0x00000232b474e630  557       3       java.net.URLStreamHandler::parseURL (1201 bytes)
Event: 0.939 Thread 0x00000232b4747640  558       4       java.lang.StringLatin1::replace (198 bytes)

GC Heap History (0 events):
No events

Deoptimization events (20 events):
Event: 0.343 Thread 0x000002329a5959a0 DEOPT PACKING pc=0x000002329e55ede6 sp=0x0000008c86dfd5c0
Event: 0.343 Thread 0x000002329a5959a0 DEOPT UNPACKING pc=0x000002329dfee23f sp=0x0000008c86dfca60 mode 0
Event: 0.343 Thread 0x000002329a5959a0 DEOPT PACKING pc=0x000002329e55ede6 sp=0x0000008c86dfd5c0
Event: 0.343 Thread 0x000002329a5959a0 DEOPT UNPACKING pc=0x000002329dfee23f sp=0x0000008c86dfca60 mode 0
Event: 0.343 Thread 0x000002329a5959a0 DEOPT PACKING pc=0x000002329e55ede6 sp=0x0000008c86dfd5c0
Event: 0.343 Thread 0x000002329a5959a0 DEOPT UNPACKING pc=0x000002329dfee23f sp=0x0000008c86dfca60 mode 0
Event: 0.643 Thread 0x000002329a5959a0 Uncommon trap: trap_request=0xffffff45 fr.pc=0x00000232a5a85a64 relative=0x0000000000000244
Event: 0.643 Thread 0x000002329a5959a0 Uncommon trap: reason=unstable_if action=reinterpret pc=0x00000232a5a85a64 method=java.io.BufferedReader.read()I @ 19 c2
Event: 0.643 Thread 0x000002329a5959a0 DEOPT PACKING pc=0x00000232a5a85a64 sp=0x0000008c86dfc050
Event: 0.643 Thread 0x000002329a5959a0 DEOPT UNPACKING pc=0x000002329dfee42f sp=0x0000008c86dfbf90 mode 2
Event: 0.823 Thread 0x000002329a5959a0 DEOPT PACKING pc=0x000002329e586d5f sp=0x0000008c86dfc420
Event: 0.823 Thread 0x000002329a5959a0 DEOPT UNPACKING pc=0x000002329dfee23f sp=0x0000008c86dfb870 mode 0
Event: 0.905 Thread 0x000002329a5959a0 Uncommon trap: trap_request=0xffffff45 fr.pc=0x00000232a5a7c128 relative=0x0000000000000208
Event: 0.905 Thread 0x000002329a5959a0 Uncommon trap: reason=unstable_if action=reinterpret pc=0x00000232a5a7c128 method=java.lang.StringLatin1.canEncode(I)Z @ 4 c2
Event: 0.905 Thread 0x000002329a5959a0 DEOPT PACKING pc=0x00000232a5a7c128 sp=0x0000008c86dfd200
Event: 0.905 Thread 0x000002329a5959a0 DEOPT UNPACKING pc=0x000002329dfee42f sp=0x0000008c86dfd118 mode 2
Event: 0.905 Thread 0x000002329a5959a0 Uncommon trap: trap_request=0xffffff45 fr.pc=0x00000232a5a873d8 relative=0x0000000000000058
Event: 0.905 Thread 0x000002329a5959a0 Uncommon trap: reason=unstable_if action=reinterpret pc=0x00000232a5a873d8 method=java.lang.AbstractStringBuilder.isLatin1()Z @ 10 c2
Event: 0.905 Thread 0x000002329a5959a0 DEOPT PACKING pc=0x00000232a5a873d8 sp=0x0000008c86dfd1c0
Event: 0.905 Thread 0x000002329a5959a0 DEOPT UNPACKING pc=0x000002329dfee42f sp=0x0000008c86dfd150 mode 2

Classes unloaded (0 events):
No events

Classes redefined (0 events):
No events

Internal exceptions (3 events):
Event: 0.640 Thread 0x000002329a5959a0 Exception <a 'java/lang/ClassNotFoundException'{0x000000008a3baa60}: javax/smartcardio/CardPermission> (0x000000008a3baa60) 
thrown [./open/src/hotspot/share/classfile/systemDictionary.cpp, line 295]
Event: 0.648 Thread 0x000002329a5959a0 Exception <a 'java/io/FileNotFoundException'{0x000000008a3c90f0}> (0x000000008a3c90f0) 
thrown [./open/src/hotspot/share/prims/jni.cpp, line 578]
Event: 0.737 Thread 0x000002329a5959a0 Exception <a 'java/lang/NoSuchMethodError'{0x000000008a3f3bf8}: 'void java.lang.invoke.DirectMethodHandle$Holder.invokeSpecial(java.lang.Object, java.lang.Object, java.lang.Object)'> (0x000000008a3f3bf8) 
thrown [./open/src/hotspot/share/interpreter/linkResolver.cpp, line 782]

Events (20 events):
Event: 0.923 loading class java/util/function/Predicate
Event: 0.923 loading class java/util/function/Predicate done
Event: 0.924 loading class java/util/stream/IntPipeline$9$1
Event: 0.924 loading class java/util/stream/Sink$ChainedInt
Event: 0.924 loading class java/util/stream/Sink$ChainedInt done
Event: 0.925 loading class java/util/stream/IntPipeline$9$1 done
Event: 0.925 loading class java/lang/StringUTF16$CharsSpliterator
Event: 0.925 loading class java/lang/StringUTF16$CharsSpliterator done
Event: 0.925 loading class java/lang/CharacterData00
Event: 0.926 loading class java/lang/CharacterData00 done
Event: 0.928 loading class java/text/DecimalFormat
Event: 0.929 loading class java/text/DecimalFormat done
Event: 0.929 loading class java/text/FieldPosition
Event: 0.929 loading class java/text/FieldPosition done
Event: 0.929 loading class java/text/DigitList
Event: 0.929 loading class java/text/DigitList done
Event: 0.929 loading class java/math/RoundingMode
Event: 0.929 loading class java/math/RoundingMode done
Event: 0.930 loading class java/util/Date
Event: 0.930 loading class java/util/Date done


Dynamic libraries:
0x00007ff6e6b60000 - 0x00007ff6e6b6d000 	C:\Users\lenovo\.p2\pool\plugins\org.eclipse.justj.openjdk.hotspot.jre.full.win32.x86_64_15.0.2.v20210201-0955\jre\bin\javaw.exe
0x00007ff95e230000 - 0x00007ff95e425000 	C:\Windows\SYSTEM32\ntdll.dll
0x00007ff95c810000 - 0x00007ff95c8cd000 	C:\Windows\System32\KERNEL32.DLL
0x00007ff95ba80000 - 0x00007ff95bd48000 	C:\Windows\System32\KERNELBASE.dll
0x00007ff958af0000 - 0x00007ff958b80000 	C:\Windows\SYSTEM32\apphelp.dll
0x00007ff95bdf0000 - 0x00007ff95bef0000 	C:\Windows\System32\ucrtbase.dll
0x00007ff933680000 - 0x00007ff933698000 	C:\Users\lenovo\.p2\pool\plugins\org.eclipse.justj.openjdk.hotspot.jre.full.win32.x86_64_15.0.2.v20210201-0955\jre\bin\jli.dll
0x00007ff95d620000 - 0x00007ff95d7c0000 	C:\Windows\System32\USER32.dll
0x00007ff95bef0000 - 0x00007ff95bf12000 	C:\Windows\System32\win32u.dll
0x00007ff95db00000 - 0x00007ff95db2a000 	C:\Windows\System32\GDI32.dll
0x00007ff95b970000 - 0x00007ff95ba7b000 	C:\Windows\System32\gdi32full.dll
0x00007ff95bd50000 - 0x00007ff95bded000 	C:\Windows\System32\msvcp_win.dll
0x00007ff92e2b0000 - 0x00007ff92e2c9000 	C:\Users\lenovo\.p2\pool\plugins\org.eclipse.justj.openjdk.hotspot.jre.full.win32.x86_64_15.0.2.v20210201-0955\jre\bin\VCRUNTIME140.dll
0x00007ff948890000 - 0x00007ff948b2a000 	C:\Windows\WinSxS\amd64_microsoft.windows.common-controls_6595b64144ccf1df_6.0.19041.1052_none_60b8f8fd71f5e8cb\COMCTL32.dll
0x00007ff95e150000 - 0x00007ff95e1ee000 	C:\Windows\System32\msvcrt.dll
0x00007ff95d010000 - 0x00007ff95d040000 	C:\Windows\System32\IMM32.DLL
0x00007ff946e60000 - 0x00007ff946e6c000 	C:\Users\lenovo\.p2\pool\plugins\org.eclipse.justj.openjdk.hotspot.jre.full.win32.x86_64_15.0.2.v20210201-0955\jre\bin\vcruntime140_1.dll
0x00007ff92dca0000 - 0x00007ff92dd31000 	C:\Users\lenovo\.p2\pool\plugins\org.eclipse.justj.openjdk.hotspot.jre.full.win32.x86_64_15.0.2.v20210201-0955\jre\bin\msvcp140.dll
0x00007ff918220000 - 0x00007ff918d7e000 	C:\Users\lenovo\.p2\pool\plugins\org.eclipse.justj.openjdk.hotspot.jre.full.win32.x86_64_15.0.2.v20210201-0955\jre\bin\server\jvm.dll
0x00007ff95d550000 - 0x00007ff95d5fc000 	C:\Windows\System32\ADVAPI32.dll
0x00007ff95dbe0000 - 0x00007ff95dc7b000 	C:\Windows\System32\sechost.dll
0x00007ff95c590000 - 0x00007ff95c6bb000 	C:\Windows\System32\RPCRT4.dll
0x00007ff95d610000 - 0x00007ff95d618000 	C:\Windows\System32\PSAPI.DLL
0x00007ff944320000 - 0x00007ff944329000 	C:\Windows\SYSTEM32\WSOCK32.dll
0x00007ff95da90000 - 0x00007ff95dafb000 	C:\Windows\System32\WS2_32.dll
0x00007ff9476d0000 - 0x00007ff9476f7000 	C:\Windows\SYSTEM32\WINMM.dll
0x00007ff958e50000 - 0x00007ff958e5a000 	C:\Windows\SYSTEM32\VERSION.dll
0x00007ff95a240000 - 0x00007ff95a252000 	C:\Windows\SYSTEM32\kernel.appcore.dll
0x00007ff947f20000 - 0x00007ff947f2a000 	C:\Users\lenovo\.p2\pool\plugins\org.eclipse.justj.openjdk.hotspot.jre.full.win32.x86_64_15.0.2.v20210201-0955\jre\bin\jimage.dll
0x00007ff959f40000 - 0x00007ff95a124000 	C:\Windows\SYSTEM32\DBGHELP.DLL
0x00007ff941fb0000 - 0x00007ff941fdc000 	C:\Windows\SYSTEM32\dbgcore.DLL
0x00007ff95c020000 - 0x00007ff95c0a3000 	C:\Windows\System32\bcryptPrimitives.dll
0x00007ff930fd0000 - 0x00007ff930ff5000 	C:\Users\lenovo\.p2\pool\plugins\org.eclipse.justj.openjdk.hotspot.jre.full.win32.x86_64_15.0.2.v20210201-0955\jre\bin\java.dll
0x00007ff930fb0000 - 0x00007ff930fc8000 	C:\Users\lenovo\.p2\pool\plugins\org.eclipse.justj.openjdk.hotspot.jre.full.win32.x86_64_15.0.2.v20210201-0955\jre\bin\zip.dll
0x00007ff95c8d0000 - 0x00007ff95d00f000 	C:\Windows\System32\SHELL32.dll
0x00007ff9597b0000 - 0x00007ff959f40000 	C:\Windows\SYSTEM32\windows.storage.dll
0x00007ff95d1f0000 - 0x00007ff95d545000 	C:\Windows\System32\combase.dll
0x00007ff95b310000 - 0x00007ff95b33c000 	C:\Windows\SYSTEM32\Wldp.dll
0x00007ff95c6c0000 - 0x00007ff95c76e000 	C:\Windows\System32\SHCORE.dll
0x00007ff95da30000 - 0x00007ff95da85000 	C:\Windows\System32\shlwapi.dll
0x00007ff95b8b0000 - 0x00007ff95b8cf000 	C:\Windows\SYSTEM32\profapi.dll
0x00007ff930f90000 - 0x00007ff930fa9000 	C:\Users\lenovo\.p2\pool\plugins\org.eclipse.justj.openjdk.hotspot.jre.full.win32.x86_64_15.0.2.v20210201-0955\jre\bin\net.dll
0x00007ff958e60000 - 0x00007ff958f6b000 	C:\Windows\SYSTEM32\WINHTTP.dll
0x00007ff95b080000 - 0x00007ff95b0ea000 	C:\Windows\system32\mswsock.dll
0x00007ff930f70000 - 0x00007ff930f82000 	C:\Users\lenovo\.p2\pool\plugins\org.eclipse.justj.openjdk.hotspot.jre.full.win32.x86_64_15.0.2.v20210201-0955\jre\bin\nio.dll
0x00007ff947780000 - 0x00007ff947790000 	C:\Users\lenovo\.p2\pool\plugins\org.eclipse.justj.openjdk.hotspot.jre.full.win32.x86_64_15.0.2.v20210201-0955\jre\bin\verify.dll

dbghelp: loaded successfully - version: 4.0.5 - missing functions: none
symbol engine: initialized successfully - sym options: 0x614 - pdb path: .;C:\Users\lenovo\.p2\pool\plugins\org.eclipse.justj.openjdk.hotspot.jre.full.win32.x86_64_15.0.2.v20210201-0955\jre\bin;C:\Windows\SYSTEM32;C:\Windows\WinSxS\amd64_microsoft.windows.common-controls_6595b64144ccf1df_6.0.19041.1052_none_60b8f8fd71f5e8cb;C:\Users\lenovo\.p2\pool\plugins\org.eclipse.justj.openjdk.hotspot.jre.full.win32.x86_64_15.0.2.v20210201-0955\jre\bin\server

VM Arguments:
jvm_args: -Dfile.encoding=UTF-8 -XX:+ShowCodeDetailsInExceptionMessages 
java_command: ma.ac.ensaf.cabinetmedical.CabinetMedicalProjectApplication
java_class_path (initial): C:\Users\lenovo\eclipse-workspace\cabinet_medical_project\target\classes;C:\Users\lenovo\.m2\repository\org\springframework\boot\spring-boot-starter-data-jpa\2.5.1\spring-boot-starter-data-jpa-2.5.1.jar;C:\Users\lenovo\.m2\repository\org\springframework\boot\spring-boot-starter-aop\2.5.1\spring-boot-starter-aop-2.5.1.jar;C:\Users\lenovo\.m2\repository\org\springframework\spring-aop\5.3.8\spring-aop-5.3.8.jar;C:\Users\lenovo\.m2\repository\org\aspectj\aspectjweaver\1.9.6\aspectjweaver-1.9.6.jar;C:\Users\lenovo\.m2\repository\org\springframework\boot\spring-boot-starter-jdbc\2.5.1\spring-boot-starter-jdbc-2.5.1.jar;C:\Users\lenovo\.m2\repository\com\zaxxer\HikariCP\4.0.3\HikariCP-4.0.3.jar;C:\Users\lenovo\.m2\repository\org\springframework\spring-jdbc\5.3.8\spring-jdbc-5.3.8.jar;C:\Users\lenovo\.m2\repository\jakarta\transaction\jakarta.transaction-api\1.3.3\jakarta.transaction-api-1.3.3.jar;C:\Users\lenovo\.m2\repository\jakarta\persistence\jakarta.persistence-api\2.2.3\jakarta.persistence-api-2.2.3.jar;C:\Users\lenovo\.m2\repository\org\hibernate\hibernate-core\5.4.32.Final\hibernate-core-5.4.32.Final.jar;C:\Users\lenovo\.m2\repository\org\jboss\logging\jboss-logging\3.4.2.Final\jboss-logging-3.4.2.Final.jar;C:\Users\lenovo\.m2\repository\org\javassist\javassist\3.27.0-GA\javassist-3.27.0-GA.jar;C:\Users\lenovo\.m2\repository\net\bytebuddy\byte-buddy\1.10.22\byte-buddy-1.10.22.jar;C:\Users\lenovo\.m2\repository\antlr\antlr\2.7.7\antlr-2.7.7.jar;C:\Users\lenovo\.m2\repository\org\jboss\jandex\2.2.3.Final\jandex-2.2.3.Final.jar;C:\Users\lenovo\.m2\repository\com\fasterxml\classmate\1.5.1\classmate-1.5.1.jar;C:\Users\lenovo\.m2\repository\org\dom4j\dom4j\2.1.3\dom4j-2.1.3.jar;C:\Users\lenovo\.m2\repository\org\hibernate\common\hibernate-commons-annotations\5.1.2.Final\hibernate-commons-annotations-5.1.2.Final.jar;C:\Users\lenovo\.m2\repository\org\glassfish\jaxb\jaxb-runtime\2.3.4\jaxb-runtime-2.3.4.jar;C:\Users\lenovo\.m2\repository\org\gl
Launcher Type: SUN_STANDARD

[Global flags]
     intx CICompilerCount                          = 3                                         {product} {ergonomic}
     uint ConcGCThreads                            = 1                                         {product} {ergonomic}
     uint G1ConcRefinementThreads                  = 4                                         {product} {ergonomic}
   size_t G1HeapRegionSize                         = 1048576                                   {product} {ergonomic}
    uintx GCDrainStackTargetSize                   = 64                                        {product} {ergonomic}
   size_t InitialHeapSize                          = 132120576                                 {product} {ergonomic}
   size_t MarkStackSize                            = 4194304                                   {product} {ergonomic}
   size_t MaxHeapSize                              = 2101346304                                {product} {ergonomic}
   size_t MaxNewSize                               = 1260388352                                {product} {ergonomic}
   size_t MinHeapDeltaBytes                        = 1048576                                   {product} {ergonomic}
   size_t MinHeapSize                              = 8388608                                   {product} {ergonomic}
    uintx NonNMethodCodeHeapSize                   = 5832780                                {pd product} {ergonomic}
    uintx NonProfiledCodeHeapSize                  = 122912730                              {pd product} {ergonomic}
    uintx ProfiledCodeHeapSize                     = 122912730                              {pd product} {ergonomic}
    uintx ReservedCodeCacheSize                    = 251658240                              {pd product} {ergonomic}
     bool SegmentedCodeCache                       = true                                      {product} {ergonomic}
     bool ShowCodeDetailsInExceptionMessages       = true                                   {manageable} {command line}
   size_t SoftMaxHeapSize                          = 2101346304                             {manageable} {ergonomic}
     bool UseCompressedClassPointers               = true                                 {lp64_product} {ergonomic}
     bool UseCompressedOops                        = true                                 {lp64_product} {ergonomic}
     bool UseG1GC                                  = true                                      {product} {ergonomic}
     bool UseLargePagesIndividualAllocation        = false                                  {pd product} {ergonomic}

Logging:
Log output configuration:
 #0: stdout all=warning uptime,level,tags
 #1: stderr all=off uptime,level,tags

Environment Variables:
JAVA_HOME=C:\Program Files\Java\jdk1.8.0_291
PATH=C:/Users/lenovo/.p2/pool/plugins/org.eclipse.justj.openjdk.hotspot.jre.full.win32.x86_64_15.0.2.v20210201-0955/jre/bin/server;C:/Users/lenovo/.p2/pool/plugins/org.eclipse.justj.openjdk.hotspot.jre.full.win32.x86_64_15.0.2.v20210201-0955/jre/bin;E:\app\lenovo\product\11.2.0\dbhome_1\bin;C:\Program Files (x86)\Common Files\Oracle\Java\javapath;C:\ProgramData\Oracle\Java\javapath;C:\Windows\system32;C:\Windows;C:\Windows\System32\Wbem;C:\Windows\System32\WindowsPowerShell\v1.0\;C:\Windows\System32\OpenSSH\;C:\Program Files\dotnet\;C:\Program Files\nodejs\;C:\Program Files\Git\cmd;C:\Program Files (x86)\Windows Live\Shared;E:\Program Files\MySQL\MySQL Shell 8.0\bin\;C:\Users\lenovo\AppData\Local\Microsoft\WindowsApps;C:\Users\lenovo\.dotnet\tools;C:\Users\lenovo\AppData\Local\Programs\Microsoft VS Code\bin;C:\Program Files\Azure Data Studio\bin;C:\Users\lenovo\AppData\Roaming\npm;C:\flutterSdk\flutter\bin;C:\Users\lenovo\Desktop;
USERNAME=lenovo
OS=Windows_NT
PROCESSOR_IDENTIFIER=Intel64 Family 6 Model 78 Stepping 3, GenuineIntel



---------------  S Y S T E M  ---------------

OS:
 Windows 10 , 64 bit Build 19041 (10.0.19041.1023)
OS uptime: 0 days 13:39 hours

CPU: total 4 (initial active 4) (2 cores per cpu, 2 threads per core) family 6 model 78 stepping 3 microcode 0xd6, cmov, cx8, fxsr, mmx, sse, sse2, sse3, ssse3, sse4.1, sse4.2, popcnt, vzeroupper, avx, avx2, aes, clmul, erms, rtm, 3dnowpref, lzcnt, ht, tsc, tscinvbit, bmi1, bmi2, adx, fma, clflush, clflushopt

Memory: 4k page, system-wide physical 8008M (1013M free)
TotalPageFile size 12104M (AvailPageFile size 2M)
current process WorkingSet (physical memory assigned to process): 56M, peak: 56M
current process commit charge ("private bytes"): 206M, peak: 206M

vm_info: OpenJDK 64-Bit Server VM (15.0.2+7-27) for windows-amd64 JRE (15.0.2+7-27), built on Dec  7 2020 20:02:38 by "mach5one" with unknown MS VC++:1925

END.
